c:\users\leonard\desktop\pacmanopengl\opengl_starter_kit\debug\vc140.pdb
c:\users\leonard\desktop\pacmanopengl\opengl_starter_kit\debug\vc140.idb
c:\users\leonard\desktop\pacmanopengl\opengl_starter_kit\debug\camera.obj
c:\users\leonard\desktop\pacmanopengl\opengl_starter_kit\debug\circle.obj
c:\users\leonard\desktop\pacmanopengl\opengl_starter_kit\debug\scenenode.obj
c:\users\leonard\desktop\pacmanopengl\opengl_starter_kit\debug\sphere.obj
c:\users\leonard\desktop\pacmanopengl\opengl_starter_kit\debug\square.obj
c:\users\leonard\desktop\pacmanopengl\opengl_starter_kit\debug\starter_class.obj
c:\users\leonard\desktop\pacmanopengl\opengl_starter_kit\debug\tank.obj
c:\users\leonard\desktop\pacmanopengl\opengl_starter_kit\debug\triangle.obj
c:\users\leonard\desktop\pacmanopengl\opengl_starter_kit\debug\pacmanmap.obj
c:\users\leonard\desktop\pacmanopengl\debug\opengl_starter_kit.ilk
c:\users\leonard\desktop\pacmanopengl\debug\opengl_starter_kit.exe
c:\users\leonard\desktop\pacmanopengl\debug\opengl_starter_kit.pdb
c:\users\leonard\desktop\pacmanopengl\opengl_starter_kit\debug\opengl_s.d690f990.tlog\cl.command.1.tlog
c:\users\leonard\desktop\pacmanopengl\opengl_starter_kit\debug\opengl_s.d690f990.tlog\cl.read.1.tlog
c:\users\leonard\desktop\pacmanopengl\opengl_starter_kit\debug\opengl_s.d690f990.tlog\cl.write.1.tlog
c:\users\leonard\desktop\pacmanopengl\opengl_starter_kit\debug\opengl_s.d690f990.tlog\link.command.1.tlog
c:\users\leonard\desktop\pacmanopengl\opengl_starter_kit\debug\opengl_s.d690f990.tlog\link.read.1.tlog
c:\users\leonard\desktop\pacmanopengl\opengl_starter_kit\debug\opengl_s.d690f990.tlog\link.write.1.tlog
